\BOOKMARK [0][-]{chapter*.4}{Introduction}{}% 1
\BOOKMARK [0][-]{chapter.1}{Theory}{}% 2
\BOOKMARK [1][-]{section.1.1}{The density functional theory \(DFT\) applied to a bosonic system}{chapter.1}% 3
\BOOKMARK [2][-]{subsection.1.1.1}{Basic ideas on DFT}{section.1.1}% 4
\BOOKMARK [2][-]{subsection.1.1.2}{Analytic expressions for the functional}{section.1.1}% 5
\BOOKMARK [1][-]{section.1.2}{DIM approach: a mean-field description of the interaction between K and 4HeN}{chapter.1}% 6
\BOOKMARK [2][-]{subsection.1.2.1}{General principle}{section.1.2}% 7
\BOOKMARK [2][-]{subsection.1.2.2}{The diatomic case: K-He}{section.1.2}% 8
\BOOKMARK [2][-]{subsection.1.2.3}{DIM and mean-field theory}{section.1.2}% 9
\BOOKMARK [2][-]{subsection.1.2.4}{Writing energy contribution to doped helium droplet}{section.1.2}% 10
\BOOKMARK [1][-]{section.1.3}{TDDFT}{chapter.1}% 11
\BOOKMARK [2][-]{subsection.1.3.1}{Excitation process}{section.1.3}% 12
\BOOKMARK [2][-]{subsection.1.3.2}{Classical dynamics}{section.1.3}% 13
\BOOKMARK [2][-]{subsection.1.3.3}{Test particles and quantum dynamics in an isotrotropic state}{section.1.3}% 14
\BOOKMARK [0][-]{chapter.2}{Simulation}{}% 15
\BOOKMARK [1][-]{section.2.1}{Finding ground state properties}{chapter.2}% 16
\BOOKMARK [2][-]{subsection.2.1.1}{Quantum versus classical potassium}{section.2.1}% 17
\BOOKMARK [2][-]{subsection.2.1.2}{Quick discussion on the influence of the version of the functional}{section.2.1}% 18
\BOOKMARK [2][-]{subsection.2.1.3}{Justifying diabatic hypothesis}{section.2.1}% 19
\BOOKMARK [1][-]{section.2.2}{Classical dynamics towards \(4p\) states}{chapter.2}% 20
\BOOKMARK [2][-]{subsection.2.2.1}{Quantum versus classical spectra}{section.2.2}% 21
\BOOKMARK [2][-]{subsection.2.2.2}{1/2 excitation: leaving free potassium}{section.2.2}% 22
\BOOKMARK [2][-]{subsection.2.2.3}{1/2 excitation: complexity arises}{section.2.2}% 23
\BOOKMARK [2][-]{subsection.2.2.4}{3/2 exciplex formation: beyond symmetry breaking investigations}{section.2.2}% 24
\BOOKMARK [2][-]{subsection.2.2.5}{Comparison with exprimental data}{section.2.2}% 25
\BOOKMARK [1][-]{section.2.3}{Excitation towards 5s state}{chapter.2}% 26
\BOOKMARK [2][-]{subsection.2.3.1}{Qualitative behavior and time scale}{section.2.3}% 27
\BOOKMARK [2][-]{subsection.2.3.2}{Strongly interacting neighbor helium atoms}{section.2.3}% 28
\BOOKMARK [0][-]{chapter*.47}{Conclusion}{}% 29
\BOOKMARK [0][-]{chapter*.48}{Annexe: technical details on coding}{}% 30
\BOOKMARK [1][-]{section.2.1}{Imaginary time propagation}{chapter*.48}% 31
\BOOKMARK [1][-]{section.2.2}{Real time propagation}{chapter*.48}% 32
\BOOKMARK [1][-]{section.2.3}{Simulating spectra}{chapter*.48}% 33
\BOOKMARK [1][-]{section.2.4}{Values of functional parameters}{chapter*.48}% 34
\BOOKMARK [0][-]{table.caption.49}{Bibliography}{}% 35
